[debug] [2021-09-15T16:25:19.346Z] ----------------------------------------------------------------------
[debug] [2021-09-15T16:25:19.348Z] Command:       C:\Program Files\nodejs\node.exe C:\Users\jshub\AppData\Roaming\npm\node_modules\firebase-tools\lib\bin\firebase.js emulators:start
[debug] [2021-09-15T16:25:19.349Z] CLI Version:   9.17.0
[debug] [2021-09-15T16:25:19.349Z] Platform:      win32
[debug] [2021-09-15T16:25:19.349Z] Node Version:  v14.17.6
[debug] [2021-09-15T16:25:19.350Z] Time:          Wed Sep 15 2021 21:55:19 GMT+0530 (India Standard Time)
[debug] [2021-09-15T16:25:19.350Z] ----------------------------------------------------------------------
[debug] 
[debug] [2021-09-15T16:25:19.407Z] > command requires scopes: ["email","openid","https://www.googleapis.com/auth/cloudplatformprojects.readonly","https://www.googleapis.com/auth/firebase","https://www.googleapis.com/auth/cloud-platform"]
[debug] [2021-09-15T16:25:19.407Z] > authorizing via signed-in user (jshubham895@gmail.com)
[info] i  emulators: Starting emulators: functions, hosting {"metadata":{"emulator":{"name":"hub"},"message":"Starting emulators: functions, hosting"}}
[debug] [2021-09-15T16:25:19.434Z] [hub] writing locator at C:\Users\jshub\AppData\Local\Temp\hub-clone-dd1e8.json
[warn] !  functions: The following emulators are not running, calls to these services from the Functions emulator will affect production: auth, firestore, database, pubsub, storage {"metadata":{"emulator":{"name":"functions"},"message":"The following emulators are not running, calls to these services from the Functions emulator will affect production: \u001b[1mauth, firestore, database, pubsub, storage\u001b[22m"}}
[info] +  functions: Using node@14 from host. {"metadata":{"emulator":{"name":"functions"},"message":"Using node@14 from host."}}
[debug] [2021-09-15T16:25:19.497Z] defaultcredentials: writing to file C:\Users\jshub\AppData\Roaming\firebase\jshubham895_gmail_com_application_default_credentials.json
[debug] [2021-09-15T16:25:19.499Z] Setting GAC to C:\Users\jshub\AppData\Roaming\firebase\jshubham895_gmail_com_application_default_credentials.json {"metadata":{"emulator":{"name":"functions"},"message":"Setting GAC to C:\\Users\\jshub\\AppData\\Roaming\\firebase\\jshubham895_gmail_com_application_default_credentials.json"}}
[debug] [2021-09-15T16:25:19.501Z] > refreshing access token with scopes: []
[debug] [2021-09-15T16:25:19.502Z] >>> HTTP REQUEST POST https://www.googleapis.com/oauth2/v3/token  
 <request body omitted>
[debug] [2021-09-15T16:25:19.759Z] <<< HTTP RESPONSE 200 {"expires":"Mon, 01 Jan 1990 00:00:00 GMT","cache-control":"no-cache, no-store, max-age=0, must-revalidate","date":"Wed, 15 Sep 2021 16:25:20 GMT","pragma":"no-cache","content-type":"application/json; charset=utf-8","vary":"X-Origin, Referer, Origin,Accept-Encoding","server":"scaffolding on HTTPServer2","x-xss-protection":"0","x-frame-options":"SAMEORIGIN","x-content-type-options":"nosniff","alt-svc":"h3=\":443\"; ma=2592000,h3-29=\":443\"; ma=2592000,h3-T051=\":443\"; ma=2592000,h3-Q050=\":443\"; ma=2592000,h3-Q046=\":443\"; ma=2592000,h3-Q043=\":443\"; ma=2592000,quic=\":443\"; ma=2592000; v=\"46,43\"","accept-ranges":"none","transfer-encoding":"chunked"}
[debug] [2021-09-15T16:25:20.404Z] >>> [apiv2][query] GET https://firebase.googleapis.com/v1beta1/projects/clone-dd1e8/adminSdkConfig [none]
[debug] [2021-09-15T16:25:21.184Z] <<< [apiv2][status] GET https://firebase.googleapis.com/v1beta1/projects/clone-dd1e8/adminSdkConfig 200
[debug] [2021-09-15T16:25:21.184Z] <<< [apiv2][body] GET https://firebase.googleapis.com/v1beta1/projects/clone-dd1e8/adminSdkConfig {"projectId":"clone-dd1e8","storageBucket":"clone-dd1e8.appspot.com"}
[debug] [2021-09-15T16:25:22.508Z] >>> [apiv2][query] GET https://firebasehosting.googleapis.com/v1beta1/projects/clone-dd1e8/sites 
[debug] [2021-09-15T16:25:24.351Z] <<< [apiv2][status] GET https://firebasehosting.googleapis.com/v1beta1/projects/clone-dd1e8/sites 200
[debug] [2021-09-15T16:25:24.351Z] <<< [apiv2][body] GET https://firebasehosting.googleapis.com/v1beta1/projects/clone-dd1e8/sites {"sites":[{"name":"projects/396815549093/sites/clone-dd1e8","defaultUrl":"https://clone-dd1e8.web.app","appId":"1:396815549093:web:df9dadaaa83565f741834c","type":"DEFAULT_SITE"}]}
[debug] [2021-09-15T16:25:24.351Z] >>> [apiv2][query] GET https://firebase.googleapis.com/v1beta1/projects/clone-dd1e8/webApps/1:396815549093:web:df9dadaaa83565f741834c/config [none]
[debug] [2021-09-15T16:25:25.938Z] <<< [apiv2][status] GET https://firebase.googleapis.com/v1beta1/projects/clone-dd1e8/webApps/1:396815549093:web:df9dadaaa83565f741834c/config 200
[debug] [2021-09-15T16:25:25.938Z] <<< [apiv2][body] GET https://firebase.googleapis.com/v1beta1/projects/clone-dd1e8/webApps/1:396815549093:web:df9dadaaa83565f741834c/config {"projectId":"clone-dd1e8","appId":"1:396815549093:web:df9dadaaa83565f741834c","storageBucket":"clone-dd1e8.appspot.com","apiKey":"AIzaSyC3mGx-6GYs3NjDIQH7L1ltAf0t1yKJpz4","authDomain":"clone-dd1e8.firebaseapp.com","messagingSenderId":"396815549093","measurementId":"G-NWTZ6608Q6"}
[info] i  hosting: Serving hosting files from: build {"metadata":{"emulator":{"name":"hosting"},"message":"Serving hosting files from: \u001b[1mbuild\u001b[22m"}}
[info] +  hosting: Local server: http://localhost:5000 {"metadata":{"emulator":{"name":"hosting"},"message":"Local server: \u001b[4m\u001b[1mhttp://localhost:5000\u001b[22m\u001b[24m"}}
[debug] [2021-09-15T16:25:26.740Z] Ignoring unsupported arg: auto_download {"metadata":{"emulator":{"name":"ui"},"message":"Ignoring unsupported arg: auto_download"}}
[debug] [2021-09-15T16:25:26.740Z] Ignoring unsupported arg: port {"metadata":{"emulator":{"name":"ui"},"message":"Ignoring unsupported arg: port"}}
[debug] [2021-09-15T16:25:26.740Z] Starting Emulator UI with command {"binary":"node","args":["C:\\Users\\jshub\\.cache\\firebase\\emulators\\ui-v1.6.3\\server.bundle.js"],"optionalArgs":[],"joinArgs":false} {"metadata":{"emulator":{"name":"ui"},"message":"Starting Emulator UI with command {\"binary\":\"node\",\"args\":[\"C:\\\\Users\\\\jshub\\\\.cache\\\\firebase\\\\emulators\\\\ui-v1.6.3\\\\server.bundle.js\"],\"optionalArgs\":[],\"joinArgs\":false}"}}
[info] i  ui: Emulator UI logging to ui-debug.log {"metadata":{"emulator":{"name":"ui"},"message":"Emulator UI logging to \u001b[1mui-debug.log\u001b[22m"}}
[debug] [2021-09-15T16:25:26.866Z] Web / API server started at localhost:4000
 {"metadata":{"emulator":{"name":"ui"},"message":"Web / API server started at localhost:4000\n"}}
[info] i  functions: Watching "C:\Users\jshub\OneDrive\Documents\AmazonClone\amazon-clone\functions" for Cloud Functions... {"metadata":{"emulator":{"name":"functions"},"message":"Watching \"C:\\Users\\jshub\\OneDrive\\Documents\\AmazonClone\\amazon-clone\\functions\" for Cloud Functions..."}}
[debug] [2021-09-15T16:25:27.033Z] [worker-pool] addWorker(~diagnostic~) {"metadata":{"emulator":{"name":"functions"},"message":"[worker-pool] addWorker(~diagnostic~)"}}
[debug] [2021-09-15T16:25:27.033Z] [worker-pool] Adding worker with key ~diagnostic~, total=1 {"metadata":{"emulator":{"name":"functions"},"message":"[worker-pool] Adding worker with key ~diagnostic~, total=1"}}
[debug] [2021-09-15T16:25:27.034Z] [worker-pool] submitWork(triggerId=) {"metadata":{"emulator":{"name":"functions"},"message":"[worker-pool] submitWork(triggerId=)"}}
[debug] [2021-09-15T16:25:27.034Z] [worker-~diagnostic~-c6aaea40-b7f7-4b3d-a320-5f45471521fc]: Assigning socketPath: \\?\pipe\C:\Users\jshub\OneDrive\Documents\AmazonClone\amazon-clone\functions\2260 {"metadata":{"emulator":{"name":"functions"},"message":"[worker-~diagnostic~-c6aaea40-b7f7-4b3d-a320-5f45471521fc]: Assigning socketPath: \\\\?\\pipe\\C:\\Users\\jshub\\OneDrive\\Documents\\AmazonClone\\amazon-clone\\functions\\2260"}}
[debug] [2021-09-15T16:25:27.034Z] [worker-~diagnostic~-c6aaea40-b7f7-4b3d-a320-5f45471521fc]: BUSY {"metadata":{"emulator":{"name":"functions"},"message":"[worker-~diagnostic~-c6aaea40-b7f7-4b3d-a320-5f45471521fc]: BUSY"}}
[debug] [2021-09-15T16:25:27.444Z] [runtime-status] [2260] Functions runtime initialized. {"cwd":"C:\\Users\\jshub\\OneDrive\\Documents\\AmazonClone\\amazon-clone\\functions","node_version":"14.17.6"} {"metadata":{"emulator":{"name":"functions"},"message":"[runtime-status] [2260] Functions runtime initialized. {\"cwd\":\"C:\\\\Users\\\\jshub\\\\OneDrive\\\\Documents\\\\AmazonClone\\\\amazon-clone\\\\functions\",\"node_version\":\"14.17.6\"}"}}
[debug] [2021-09-15T16:25:27.447Z] [runtime-status] [2260] Disabled runtime features: undefined {"metadata":{"emulator":{"name":"functions"},"message":"[runtime-status] [2260] Disabled runtime features: undefined"}}
[debug] [2021-09-15T16:25:27.451Z] [runtime-status] [2260] Resolved module firebase-admin {"declared":true,"installed":true,"version":"9.11.1","resolution":"C:\\Users\\jshub\\OneDrive\\Documents\\AmazonClone\\amazon-clone\\functions\\node_modules\\firebase-admin\\lib\\index.js"} {"metadata":{"emulator":{"name":"functions"},"message":"[runtime-status] [2260] Resolved module firebase-admin {\"declared\":true,\"installed\":true,\"version\":\"9.11.1\",\"resolution\":\"C:\\\\Users\\\\jshub\\\\OneDrive\\\\Documents\\\\AmazonClone\\\\amazon-clone\\\\functions\\\\node_modules\\\\firebase-admin\\\\lib\\\\index.js\"}"}}
[debug] [2021-09-15T16:25:27.456Z] [runtime-status] [2260] Resolved module firebase-functions {"declared":true,"installed":true,"version":"3.15.5","resolution":"C:\\Users\\jshub\\OneDrive\\Documents\\AmazonClone\\amazon-clone\\functions\\node_modules\\firebase-functions\\lib\\index.js"} {"metadata":{"emulator":{"name":"functions"},"message":"[runtime-status] [2260] Resolved module firebase-functions {\"declared\":true,\"installed\":true,\"version\":\"3.15.5\",\"resolution\":\"C:\\\\Users\\\\jshub\\\\OneDrive\\\\Documents\\\\AmazonClone\\\\amazon-clone\\\\functions\\\\node_modules\\\\firebase-functions\\\\lib\\\\index.js\"}"}}
[debug] [2021-09-15T16:25:27.458Z] [runtime-status] [2260] Resolved module firebase-functions {"declared":true,"installed":true,"version":"3.15.5","resolution":"C:\\Users\\jshub\\OneDrive\\Documents\\AmazonClone\\amazon-clone\\functions\\node_modules\\firebase-functions\\lib\\index.js"} {"metadata":{"emulator":{"name":"functions"},"message":"[runtime-status] [2260] Resolved module firebase-functions {\"declared\":true,\"installed\":true,\"version\":\"3.15.5\",\"resolution\":\"C:\\\\Users\\\\jshub\\\\OneDrive\\\\Documents\\\\AmazonClone\\\\amazon-clone\\\\functions\\\\node_modules\\\\firebase-functions\\\\lib\\\\index.js\"}"}}
[debug] [2021-09-15T16:25:27.460Z] [runtime-status] [2260] Outgoing network have been stubbed. [{"name":"http","status":"mocked"},{"name":"http","status":"mocked"},{"name":"https","status":"mocked"},{"name":"https","status":"mocked"},{"name":"net","status":"mocked"}] {"metadata":{"emulator":{"name":"functions"},"message":"[runtime-status] [2260] Outgoing network have been stubbed. [{\"name\":\"http\",\"status\":\"mocked\"},{\"name\":\"http\",\"status\":\"mocked\"},{\"name\":\"https\",\"status\":\"mocked\"},{\"name\":\"https\",\"status\":\"mocked\"},{\"name\":\"net\",\"status\":\"mocked\"}]"}}
[debug] [2021-09-15T16:25:27.460Z] [runtime-status] [2260] Resolved module firebase-functions {"declared":true,"installed":true,"version":"3.15.5","resolution":"C:\\Users\\jshub\\OneDrive\\Documents\\AmazonClone\\amazon-clone\\functions\\node_modules\\firebase-functions\\lib\\index.js"} {"metadata":{"emulator":{"name":"functions"},"message":"[runtime-status] [2260] Resolved module firebase-functions {\"declared\":true,\"installed\":true,\"version\":\"3.15.5\",\"resolution\":\"C:\\\\Users\\\\jshub\\\\OneDrive\\\\Documents\\\\AmazonClone\\\\amazon-clone\\\\functions\\\\node_modules\\\\firebase-functions\\\\lib\\\\index.js\"}"}}
[debug] [2021-09-15T16:25:27.529Z] [runtime-status] [2260] Checked functions.config() {"config":{}} {"metadata":{"emulator":{"name":"functions"},"message":"[runtime-status] [2260] Checked functions.config() {\"config\":{}}"}}
[debug] [2021-09-15T16:25:27.529Z] [runtime-status] [2260] firebase-functions has been stubbed. {"functionsResolution":{"declared":true,"installed":true,"version":"3.15.5","resolution":"C:\\Users\\jshub\\OneDrive\\Documents\\AmazonClone\\amazon-clone\\functions\\node_modules\\firebase-functions\\lib\\index.js"}} {"metadata":{"emulator":{"name":"functions"},"message":"[runtime-status] [2260] firebase-functions has been stubbed. {\"functionsResolution\":{\"declared\":true,\"installed\":true,\"version\":\"3.15.5\",\"resolution\":\"C:\\\\Users\\\\jshub\\\\OneDrive\\\\Documents\\\\AmazonClone\\\\amazon-clone\\\\functions\\\\node_modules\\\\firebase-functions\\\\lib\\\\index.js\"}}"}}
[debug] [2021-09-15T16:25:27.529Z] [runtime-status] [2260] Resolved module firebase-functions {"declared":true,"installed":true,"version":"3.15.5","resolution":"C:\\Users\\jshub\\OneDrive\\Documents\\AmazonClone\\amazon-clone\\functions\\node_modules\\firebase-functions\\lib\\index.js"} {"metadata":{"emulator":{"name":"functions"},"message":"[runtime-status] [2260] Resolved module firebase-functions {\"declared\":true,\"installed\":true,\"version\":\"3.15.5\",\"resolution\":\"C:\\\\Users\\\\jshub\\\\OneDrive\\\\Documents\\\\AmazonClone\\\\amazon-clone\\\\functions\\\\node_modules\\\\firebase-functions\\\\lib\\\\index.js\"}"}}
[debug] [2021-09-15T16:25:27.529Z] [runtime-status] [2260] Resolved module firebase-admin {"declared":true,"installed":true,"version":"9.11.1","resolution":"C:\\Users\\jshub\\OneDrive\\Documents\\AmazonClone\\amazon-clone\\functions\\node_modules\\firebase-admin\\lib\\index.js"} {"metadata":{"emulator":{"name":"functions"},"message":"[runtime-status] [2260] Resolved module firebase-admin {\"declared\":true,\"installed\":true,\"version\":\"9.11.1\",\"resolution\":\"C:\\\\Users\\\\jshub\\\\OneDrive\\\\Documents\\\\AmazonClone\\\\amazon-clone\\\\functions\\\\node_modules\\\\firebase-admin\\\\lib\\\\index.js\"}"}}
[debug] [2021-09-15T16:25:27.530Z] [runtime-status] [2260] Resolved module firebase-functions {"declared":true,"installed":true,"version":"3.15.5","resolution":"C:\\Users\\jshub\\OneDrive\\Documents\\AmazonClone\\amazon-clone\\functions\\node_modules\\firebase-functions\\lib\\index.js"} {"metadata":{"emulator":{"name":"functions"},"message":"[runtime-status] [2260] Resolved module firebase-functions {\"declared\":true,\"installed\":true,\"version\":\"3.15.5\",\"resolution\":\"C:\\\\Users\\\\jshub\\\\OneDrive\\\\Documents\\\\AmazonClone\\\\amazon-clone\\\\functions\\\\node_modules\\\\firebase-functions\\\\lib\\\\index.js\"}"}}
[debug] [2021-09-15T16:25:27.530Z] [runtime-status] [2260] firebase-admin has been stubbed. {"adminResolution":{"declared":true,"installed":true,"version":"9.11.1","resolution":"C:\\Users\\jshub\\OneDrive\\Documents\\AmazonClone\\amazon-clone\\functions\\node_modules\\firebase-admin\\lib\\index.js"}} {"metadata":{"emulator":{"name":"functions"},"message":"[runtime-status] [2260] firebase-admin has been stubbed. {\"adminResolution\":{\"declared\":true,\"installed\":true,\"version\":\"9.11.1\",\"resolution\":\"C:\\\\Users\\\\jshub\\\\OneDrive\\\\Documents\\\\AmazonClone\\\\amazon-clone\\\\functions\\\\node_modules\\\\firebase-admin\\\\lib\\\\index.js\"}}"}}
[info] +  functions[us-central1-api]: http function initialized (http://localhost:5001/clone-dd1e8/us-central1/api). {"metadata":{"emulator":{"name":"functions"},"message":"\u001b[1mhttp\u001b[22m function initialized (http://localhost:5001/clone-dd1e8/us-central1/api)."}}
[info] 
┌─────────────────────────────────────────────────────────────┐
│ ✔  All emulators ready! It is now safe to connect your app. │
│ i  View Emulator UI at http://localhost:4000                │
└─────────────────────────────────────────────────────────────┘

┌───────────┬────────────────┬─────────────────────────────────┐
│ Emulator  │ Host:Port      │ View in Emulator UI             │
├───────────┼────────────────┼─────────────────────────────────┤
│ Functions │ localhost:5001 │ http://localhost:4000/functions │
├───────────┼────────────────┼─────────────────────────────────┤
│ Hosting   │ localhost:5000 │ n/a                             │
└───────────┴────────────────┴─────────────────────────────────┘
  Emulator Hub running at localhost:4400
  Other reserved ports: 4500

Issues? Report them at https://github.com/firebase/firebase-tools/issues and attach the *-debug.log files.
 
[debug] [2021-09-15T16:25:27.762Z] [worker-~diagnostic~-c6aaea40-b7f7-4b3d-a320-5f45471521fc]: IDLE {"metadata":{"emulator":{"name":"functions"},"message":"[worker-~diagnostic~-c6aaea40-b7f7-4b3d-a320-5f45471521fc]: IDLE"}}
[debug] [2021-09-15T16:25:36.006Z] [work-queue] {"queueLength":1,"workRunningCount":0}
[debug] [2021-09-15T16:25:36.006Z] [work-queue] {"queueLength":0,"workRunningCount":1}
[debug] [2021-09-15T16:25:36.006Z] Accepted request GET /clone-dd1e8/us-central1/api --> us-central1-api
[debug] [2021-09-15T16:25:36.015Z] [worker-pool] addWorker(us-central1-api) {"metadata":{"emulator":{"name":"functions"},"message":"[worker-pool] addWorker(us-central1-api)"}}
[debug] [2021-09-15T16:25:36.015Z] [worker-pool] Adding worker with key us-central1-api, total=1 {"metadata":{"emulator":{"name":"functions"},"message":"[worker-pool] Adding worker with key us-central1-api, total=1"}}
[debug] [2021-09-15T16:25:36.015Z] [worker-pool] submitWork(triggerId=us-central1-api) {"metadata":{"emulator":{"name":"functions"},"message":"[worker-pool] submitWork(triggerId=us-central1-api)"}}
[debug] [2021-09-15T16:25:36.016Z] [worker-us-central1-api-5e038331-e05d-4839-961d-cdd81e4a0117]: Assigning socketPath: \\?\pipe\C:\Users\jshub\OneDrive\Documents\AmazonClone\amazon-clone\functions\8156 {"metadata":{"emulator":{"name":"functions"},"message":"[worker-us-central1-api-5e038331-e05d-4839-961d-cdd81e4a0117]: Assigning socketPath: \\\\?\\pipe\\C:\\Users\\jshub\\OneDrive\\Documents\\AmazonClone\\amazon-clone\\functions\\8156"}}
[debug] [2021-09-15T16:25:36.016Z] [worker-us-central1-api-5e038331-e05d-4839-961d-cdd81e4a0117]: BUSY {"metadata":{"emulator":{"name":"functions"},"message":"[worker-us-central1-api-5e038331-e05d-4839-961d-cdd81e4a0117]: BUSY"}}
[debug] [2021-09-15T16:25:36.501Z] [runtime-status] [8156] Functions runtime initialized. {"cwd":"C:\\Users\\jshub\\OneDrive\\Documents\\AmazonClone\\amazon-clone\\functions","node_version":"14.17.6"} {"metadata":{"emulator":{"name":"functions"},"function":{"name":"us-central1-api"},"message":"[runtime-status] [8156] Functions runtime initialized. {\"cwd\":\"C:\\\\Users\\\\jshub\\\\OneDrive\\\\Documents\\\\AmazonClone\\\\amazon-clone\\\\functions\",\"node_version\":\"14.17.6\"}"}}
[debug] [2021-09-15T16:25:36.504Z] [runtime-status] [8156] Disabled runtime features: undefined {"metadata":{"emulator":{"name":"functions"},"function":{"name":"us-central1-api"},"message":"[runtime-status] [8156] Disabled runtime features: undefined"}}
[debug] [2021-09-15T16:25:36.507Z] [runtime-status] [8156] Resolved module firebase-admin {"declared":true,"installed":true,"version":"9.11.1","resolution":"C:\\Users\\jshub\\OneDrive\\Documents\\AmazonClone\\amazon-clone\\functions\\node_modules\\firebase-admin\\lib\\index.js"} {"metadata":{"emulator":{"name":"functions"},"function":{"name":"us-central1-api"},"message":"[runtime-status] [8156] Resolved module firebase-admin {\"declared\":true,\"installed\":true,\"version\":\"9.11.1\",\"resolution\":\"C:\\\\Users\\\\jshub\\\\OneDrive\\\\Documents\\\\AmazonClone\\\\amazon-clone\\\\functions\\\\node_modules\\\\firebase-admin\\\\lib\\\\index.js\"}"}}
[debug] [2021-09-15T16:25:36.513Z] [runtime-status] [8156] Resolved module firebase-functions {"declared":true,"installed":true,"version":"3.15.5","resolution":"C:\\Users\\jshub\\OneDrive\\Documents\\AmazonClone\\amazon-clone\\functions\\node_modules\\firebase-functions\\lib\\index.js"} {"metadata":{"emulator":{"name":"functions"},"function":{"name":"us-central1-api"},"message":"[runtime-status] [8156] Resolved module firebase-functions {\"declared\":true,\"installed\":true,\"version\":\"3.15.5\",\"resolution\":\"C:\\\\Users\\\\jshub\\\\OneDrive\\\\Documents\\\\AmazonClone\\\\amazon-clone\\\\functions\\\\node_modules\\\\firebase-functions\\\\lib\\\\index.js\"}"}}
[debug] [2021-09-15T16:25:36.515Z] [runtime-status] [8156] Resolved module firebase-functions {"declared":true,"installed":true,"version":"3.15.5","resolution":"C:\\Users\\jshub\\OneDrive\\Documents\\AmazonClone\\amazon-clone\\functions\\node_modules\\firebase-functions\\lib\\index.js"} {"metadata":{"emulator":{"name":"functions"},"function":{"name":"us-central1-api"},"message":"[runtime-status] [8156] Resolved module firebase-functions {\"declared\":true,\"installed\":true,\"version\":\"3.15.5\",\"resolution\":\"C:\\\\Users\\\\jshub\\\\OneDrive\\\\Documents\\\\AmazonClone\\\\amazon-clone\\\\functions\\\\node_modules\\\\firebase-functions\\\\lib\\\\index.js\"}"}}
[debug] [2021-09-15T16:25:36.517Z] [runtime-status] [8156] Outgoing network have been stubbed. [{"name":"http","status":"mocked"},{"name":"http","status":"mocked"},{"name":"https","status":"mocked"},{"name":"https","status":"mocked"},{"name":"net","status":"mocked"}] {"metadata":{"emulator":{"name":"functions"},"function":{"name":"us-central1-api"},"message":"[runtime-status] [8156] Outgoing network have been stubbed. [{\"name\":\"http\",\"status\":\"mocked\"},{\"name\":\"http\",\"status\":\"mocked\"},{\"name\":\"https\",\"status\":\"mocked\"},{\"name\":\"https\",\"status\":\"mocked\"},{\"name\":\"net\",\"status\":\"mocked\"}]"}}
[debug] [2021-09-15T16:25:36.518Z] [runtime-status] [8156] Resolved module firebase-functions {"declared":true,"installed":true,"version":"3.15.5","resolution":"C:\\Users\\jshub\\OneDrive\\Documents\\AmazonClone\\amazon-clone\\functions\\node_modules\\firebase-functions\\lib\\index.js"} {"metadata":{"emulator":{"name":"functions"},"function":{"name":"us-central1-api"},"message":"[runtime-status] [8156] Resolved module firebase-functions {\"declared\":true,\"installed\":true,\"version\":\"3.15.5\",\"resolution\":\"C:\\\\Users\\\\jshub\\\\OneDrive\\\\Documents\\\\AmazonClone\\\\amazon-clone\\\\functions\\\\node_modules\\\\firebase-functions\\\\lib\\\\index.js\"}"}}
[debug] [2021-09-15T16:25:36.566Z] [runtime-status] [8156] Checked functions.config() {"config":{}} {"metadata":{"emulator":{"name":"functions"},"function":{"name":"us-central1-api"},"message":"[runtime-status] [8156] Checked functions.config() {\"config\":{}}"}}
[debug] [2021-09-15T16:25:36.566Z] [runtime-status] [8156] firebase-functions has been stubbed. {"functionsResolution":{"declared":true,"installed":true,"version":"3.15.5","resolution":"C:\\Users\\jshub\\OneDrive\\Documents\\AmazonClone\\amazon-clone\\functions\\node_modules\\firebase-functions\\lib\\index.js"}} {"metadata":{"emulator":{"name":"functions"},"function":{"name":"us-central1-api"},"message":"[runtime-status] [8156] firebase-functions has been stubbed. {\"functionsResolution\":{\"declared\":true,\"installed\":true,\"version\":\"3.15.5\",\"resolution\":\"C:\\\\Users\\\\jshub\\\\OneDrive\\\\Documents\\\\AmazonClone\\\\amazon-clone\\\\functions\\\\node_modules\\\\firebase-functions\\\\lib\\\\index.js\"}}"}}
[debug] [2021-09-15T16:25:36.567Z] [runtime-status] [8156] Resolved module firebase-functions {"declared":true,"installed":true,"version":"3.15.5","resolution":"C:\\Users\\jshub\\OneDrive\\Documents\\AmazonClone\\amazon-clone\\functions\\node_modules\\firebase-functions\\lib\\index.js"} {"metadata":{"emulator":{"name":"functions"},"function":{"name":"us-central1-api"},"message":"[runtime-status] [8156] Resolved module firebase-functions {\"declared\":true,\"installed\":true,\"version\":\"3.15.5\",\"resolution\":\"C:\\\\Users\\\\jshub\\\\OneDrive\\\\Documents\\\\AmazonClone\\\\amazon-clone\\\\functions\\\\node_modules\\\\firebase-functions\\\\lib\\\\index.js\"}"}}
[debug] [2021-09-15T16:25:36.568Z] [runtime-status] [8156] Resolved module firebase-admin {"declared":true,"installed":true,"version":"9.11.1","resolution":"C:\\Users\\jshub\\OneDrive\\Documents\\AmazonClone\\amazon-clone\\functions\\node_modules\\firebase-admin\\lib\\index.js"} {"metadata":{"emulator":{"name":"functions"},"function":{"name":"us-central1-api"},"message":"[runtime-status] [8156] Resolved module firebase-admin {\"declared\":true,\"installed\":true,\"version\":\"9.11.1\",\"resolution\":\"C:\\\\Users\\\\jshub\\\\OneDrive\\\\Documents\\\\AmazonClone\\\\amazon-clone\\\\functions\\\\node_modules\\\\firebase-admin\\\\lib\\\\index.js\"}"}}
[debug] [2021-09-15T16:25:36.569Z] [runtime-status] [8156] Resolved module firebase-functions {"declared":true,"installed":true,"version":"3.15.5","resolution":"C:\\Users\\jshub\\OneDrive\\Documents\\AmazonClone\\amazon-clone\\functions\\node_modules\\firebase-functions\\lib\\index.js"} {"metadata":{"emulator":{"name":"functions"},"function":{"name":"us-central1-api"},"message":"[runtime-status] [8156] Resolved module firebase-functions {\"declared\":true,\"installed\":true,\"version\":\"3.15.5\",\"resolution\":\"C:\\\\Users\\\\jshub\\\\OneDrive\\\\Documents\\\\AmazonClone\\\\amazon-clone\\\\functions\\\\node_modules\\\\firebase-functions\\\\lib\\\\index.js\"}"}}
[debug] [2021-09-15T16:25:36.569Z] [runtime-status] [8156] firebase-admin has been stubbed. {"adminResolution":{"declared":true,"installed":true,"version":"9.11.1","resolution":"C:\\Users\\jshub\\OneDrive\\Documents\\AmazonClone\\amazon-clone\\functions\\node_modules\\firebase-admin\\lib\\index.js"}} {"metadata":{"emulator":{"name":"functions"},"function":{"name":"us-central1-api"},"message":"[runtime-status] [8156] firebase-admin has been stubbed. {\"adminResolution\":{\"declared\":true,\"installed\":true,\"version\":\"9.11.1\",\"resolution\":\"C:\\\\Users\\\\jshub\\\\OneDrive\\\\Documents\\\\AmazonClone\\\\amazon-clone\\\\functions\\\\node_modules\\\\firebase-admin\\\\lib\\\\index.js\"}}"}}
[debug] [2021-09-15T16:25:36.748Z] [runtime-status] [8156] Trigger "us-central1-api" has been found, beginning invocation! {"metadata":{"emulator":{"name":"functions"},"function":{"name":"us-central1-api"},"message":"[runtime-status] [8156] Trigger \"us-central1-api\" has been found, beginning invocation!"}}
[info] i  functions: Beginning execution of "us-central1-api" {"metadata":{"emulator":{"name":"functions"},"function":{"name":"us-central1-api"},"message":"Beginning execution of \"us-central1-api\""}}
[debug] [2021-09-15T16:25:36.750Z] [runtime-status] [8156] triggerDefinition {"httpsTrigger":{},"name":"api","entryPoint":"api","regions":["us-central1"],"region":"us-central1","id":"us-central1-api"} {"metadata":{"emulator":{"name":"functions"},"function":{"name":"us-central1-api"},"message":"[runtime-status] [8156] triggerDefinition {\"httpsTrigger\":{},\"name\":\"api\",\"entryPoint\":\"api\",\"regions\":[\"us-central1\"],\"region\":\"us-central1\",\"id\":\"us-central1-api\"}"}}
[debug] [2021-09-15T16:25:36.750Z] [runtime-status] [8156] Running us-central1-api in mode HTTPS {"metadata":{"emulator":{"name":"functions"},"function":{"name":"us-central1-api"},"message":"[runtime-status] [8156] Running us-central1-api in mode HTTPS"}}
[debug] [2021-09-15T16:25:36.753Z] [runtime-status] [8156] Attempting to listen to socketPath: \\?\pipe\C:\Users\jshub\OneDrive\Documents\AmazonClone\amazon-clone\functions\8156 {"metadata":{"emulator":{"name":"functions"},"function":{"name":"us-central1-api"},"message":"[runtime-status] [8156] Attempting to listen to socketPath: \\\\?\\pipe\\C:\\Users\\jshub\\OneDrive\\Documents\\AmazonClone\\amazon-clone\\functions\\8156"}}
[debug] [2021-09-15T16:25:36.756Z] [functions] Runtime ready! Sending request! {"metadata":{"emulator":{"name":"functions"},"message":"[functions] Runtime ready! Sending request!"}}
[debug] [2021-09-15T16:25:36.757Z] [functions] Got req.url=/clone-dd1e8/us-central1/api, mapping to path=/ {"metadata":{"emulator":{"name":"functions"},"message":"[functions] Got req.url=/clone-dd1e8/us-central1/api, mapping to path=/"}}
[debug] [2021-09-15T16:25:36.768Z] [runtime-status] [8156] Ephemeral server handling GET request {"metadata":{"emulator":{"name":"functions"},"function":{"name":"us-central1-api"},"message":"[runtime-status] [8156] Ephemeral server handling GET request"}}
[debug] [2021-09-15T16:25:36.776Z] [runtime-status] [8156] Ephemeral server survived. {"metadata":{"emulator":{"name":"functions"},"function":{"name":"us-central1-api"},"message":"[runtime-status] [8156] Ephemeral server survived."}}
[info] i  functions: Finished "us-central1-api" in ~1s {"metadata":{"emulator":{"name":"functions"},"function":{"name":"us-central1-api"},"message":"Finished \"us-central1-api\" in ~1s"}}
[debug] [2021-09-15T16:25:36.781Z] [worker-us-central1-api-5e038331-e05d-4839-961d-cdd81e4a0117]: IDLE {"metadata":{"emulator":{"name":"functions"},"message":"[worker-us-central1-api-5e038331-e05d-4839-961d-cdd81e4a0117]: IDLE"}}
[debug] [2021-09-15T16:25:36.781Z] [work-queue] {"queueLength":0,"workRunningCount":0}
[debug] [2021-09-15T16:25:44.676Z] [work-queue] {"queueLength":1,"workRunningCount":0}
[debug] [2021-09-15T16:25:44.676Z] [work-queue] {"queueLength":0,"workRunningCount":1}
[debug] [2021-09-15T16:25:44.676Z] Accepted request POST /clone-dd1e8/us-central1/api/payments/create?total=40270000 --> us-central1-api
[debug] [2021-09-15T16:25:44.676Z] [worker-pool] submitWork(triggerId=us-central1-api) {"metadata":{"emulator":{"name":"functions"},"message":"[worker-pool] submitWork(triggerId=us-central1-api)"}}
[debug] [2021-09-15T16:25:44.676Z] [worker-us-central1-api-5e038331-e05d-4839-961d-cdd81e4a0117]: Assigning socketPath: \\?\pipe\C:\Users\jshub\OneDrive\Documents\AmazonClone\amazon-clone\functions\8156 {"metadata":{"emulator":{"name":"functions"},"message":"[worker-us-central1-api-5e038331-e05d-4839-961d-cdd81e4a0117]: Assigning socketPath: \\\\?\\pipe\\C:\\Users\\jshub\\OneDrive\\Documents\\AmazonClone\\amazon-clone\\functions\\8156"}}
[debug] [2021-09-15T16:25:44.676Z] [worker-us-central1-api-5e038331-e05d-4839-961d-cdd81e4a0117]: BUSY {"metadata":{"emulator":{"name":"functions"},"message":"[worker-us-central1-api-5e038331-e05d-4839-961d-cdd81e4a0117]: BUSY"}}
[debug] [2021-09-15T16:25:44.677Z] [runtime-status] [8156] Trigger "us-central1-api" has been found, beginning invocation! {"metadata":{"emulator":{"name":"functions"},"function":{"name":"us-central1-api"},"message":"[runtime-status] [8156] Trigger \"us-central1-api\" has been found, beginning invocation!"}}
[info] i  functions: Beginning execution of "us-central1-api" {"metadata":{"emulator":{"name":"functions"},"function":{"name":"us-central1-api"},"message":"Beginning execution of \"us-central1-api\""}}
[debug] [2021-09-15T16:25:44.678Z] [runtime-status] [8156] triggerDefinition {"httpsTrigger":{},"name":"api","entryPoint":"api","regions":["us-central1"],"region":"us-central1","id":"us-central1-api"} {"metadata":{"emulator":{"name":"functions"},"function":{"name":"us-central1-api"},"message":"[runtime-status] [8156] triggerDefinition {\"httpsTrigger\":{},\"name\":\"api\",\"entryPoint\":\"api\",\"regions\":[\"us-central1\"],\"region\":\"us-central1\",\"id\":\"us-central1-api\"}"}}
[debug] [2021-09-15T16:25:44.679Z] [runtime-status] [8156] Running us-central1-api in mode HTTPS {"metadata":{"emulator":{"name":"functions"},"function":{"name":"us-central1-api"},"message":"[runtime-status] [8156] Running us-central1-api in mode HTTPS"}}
[debug] [2021-09-15T16:25:44.679Z] [runtime-status] [8156] Attempting to listen to socketPath: \\?\pipe\C:\Users\jshub\OneDrive\Documents\AmazonClone\amazon-clone\functions\8156 {"metadata":{"emulator":{"name":"functions"},"function":{"name":"us-central1-api"},"message":"[runtime-status] [8156] Attempting to listen to socketPath: \\\\?\\pipe\\C:\\Users\\jshub\\OneDrive\\Documents\\AmazonClone\\amazon-clone\\functions\\8156"}}
[debug] [2021-09-15T16:25:44.680Z] [functions] Runtime ready! Sending request! {"metadata":{"emulator":{"name":"functions"},"message":"[functions] Runtime ready! Sending request!"}}
[debug] [2021-09-15T16:25:44.681Z] [functions] Got req.url=/clone-dd1e8/us-central1/api/payments/create?total=40270000, mapping to path=/payments/create?total=40270000 {"metadata":{"emulator":{"name":"functions"},"message":"[functions] Got req.url=/clone-dd1e8/us-central1/api/payments/create?total=40270000, mapping to path=/payments/create?total=40270000"}}
[debug] [2021-09-15T16:25:44.684Z] [runtime-status] [8156] Ephemeral server handling POST request {"metadata":{"emulator":{"name":"functions"},"function":{"name":"us-central1-api"},"message":"[runtime-status] [8156] Ephemeral server handling POST request"}}
[info] >  Payment Request Received BOOM  40270000 {"user":"Payment Request Received BOOM  40270000","metadata":{"emulator":{"name":"functions"},"function":{"name":"us-central1-api"},"message":"\u001b[90m> \u001b[39m Payment Request Received BOOM  40270000"}}
[debug] [2021-09-15T16:25:44.692Z] [runtime-status] [8156] Ephemeral server survived. {"metadata":{"emulator":{"name":"functions"},"function":{"name":"us-central1-api"},"message":"[runtime-status] [8156] Ephemeral server survived."}}
[info] i  functions: Finished "us-central1-api" in ~1s {"metadata":{"emulator":{"name":"functions"},"function":{"name":"us-central1-api"},"message":"Finished \"us-central1-api\" in ~1s"}}
[debug] [2021-09-15T16:25:45.454Z] [worker-us-central1-api-5e038331-e05d-4839-961d-cdd81e4a0117]: IDLE {"metadata":{"emulator":{"name":"functions"},"message":"[worker-us-central1-api-5e038331-e05d-4839-961d-cdd81e4a0117]: IDLE"}}
[debug] [2021-09-15T16:25:45.455Z] [work-queue] {"queueLength":0,"workRunningCount":0}
[debug] [2021-09-15T16:26:08.772Z] [work-queue] {"queueLength":1,"workRunningCount":0}
[debug] [2021-09-15T16:26:08.772Z] [work-queue] {"queueLength":0,"workRunningCount":1}
[debug] [2021-09-15T16:26:08.772Z] Accepted request POST /clone-dd1e8/us-central1/api/payments/create?total=0 --> us-central1-api
[debug] [2021-09-15T16:26:08.773Z] [worker-pool] submitWork(triggerId=us-central1-api) {"metadata":{"emulator":{"name":"functions"},"message":"[worker-pool] submitWork(triggerId=us-central1-api)"}}
[debug] [2021-09-15T16:26:08.773Z] [worker-us-central1-api-5e038331-e05d-4839-961d-cdd81e4a0117]: Assigning socketPath: \\?\pipe\C:\Users\jshub\OneDrive\Documents\AmazonClone\amazon-clone\functions\8156 {"metadata":{"emulator":{"name":"functions"},"message":"[worker-us-central1-api-5e038331-e05d-4839-961d-cdd81e4a0117]: Assigning socketPath: \\\\?\\pipe\\C:\\Users\\jshub\\OneDrive\\Documents\\AmazonClone\\amazon-clone\\functions\\8156"}}
[debug] [2021-09-15T16:26:08.773Z] [worker-us-central1-api-5e038331-e05d-4839-961d-cdd81e4a0117]: BUSY {"metadata":{"emulator":{"name":"functions"},"message":"[worker-us-central1-api-5e038331-e05d-4839-961d-cdd81e4a0117]: BUSY"}}
[debug] [2021-09-15T16:26:08.774Z] [runtime-status] [8156] Trigger "us-central1-api" has been found, beginning invocation! {"metadata":{"emulator":{"name":"functions"},"function":{"name":"us-central1-api"},"message":"[runtime-status] [8156] Trigger \"us-central1-api\" has been found, beginning invocation!"}}
[info] i  functions: Beginning execution of "us-central1-api" {"metadata":{"emulator":{"name":"functions"},"function":{"name":"us-central1-api"},"message":"Beginning execution of \"us-central1-api\""}}
[debug] [2021-09-15T16:26:08.778Z] [runtime-status] [8156] triggerDefinition {"httpsTrigger":{},"name":"api","entryPoint":"api","regions":["us-central1"],"region":"us-central1","id":"us-central1-api"} {"metadata":{"emulator":{"name":"functions"},"function":{"name":"us-central1-api"},"message":"[runtime-status] [8156] triggerDefinition {\"httpsTrigger\":{},\"name\":\"api\",\"entryPoint\":\"api\",\"regions\":[\"us-central1\"],\"region\":\"us-central1\",\"id\":\"us-central1-api\"}"}}
[debug] [2021-09-15T16:26:08.778Z] [runtime-status] [8156] Running us-central1-api in mode HTTPS {"metadata":{"emulator":{"name":"functions"},"function":{"name":"us-central1-api"},"message":"[runtime-status] [8156] Running us-central1-api in mode HTTPS"}}
[debug] [2021-09-15T16:26:08.779Z] [runtime-status] [8156] Attempting to listen to socketPath: \\?\pipe\C:\Users\jshub\OneDrive\Documents\AmazonClone\amazon-clone\functions\8156 {"metadata":{"emulator":{"name":"functions"},"function":{"name":"us-central1-api"},"message":"[runtime-status] [8156] Attempting to listen to socketPath: \\\\?\\pipe\\C:\\Users\\jshub\\OneDrive\\Documents\\AmazonClone\\amazon-clone\\functions\\8156"}}
[debug] [2021-09-15T16:26:08.782Z] [functions] Runtime ready! Sending request! {"metadata":{"emulator":{"name":"functions"},"message":"[functions] Runtime ready! Sending request!"}}
[debug] [2021-09-15T16:26:08.782Z] [functions] Got req.url=/clone-dd1e8/us-central1/api/payments/create?total=0, mapping to path=/payments/create?total=0 {"metadata":{"emulator":{"name":"functions"},"message":"[functions] Got req.url=/clone-dd1e8/us-central1/api/payments/create?total=0, mapping to path=/payments/create?total=0"}}
[debug] [2021-09-15T16:26:08.785Z] [runtime-status] [8156] Ephemeral server handling POST request {"metadata":{"emulator":{"name":"functions"},"function":{"name":"us-central1-api"},"message":"[runtime-status] [8156] Ephemeral server handling POST request"}}
[info] >  Payment Request Received BOOM  0 {"user":"Payment Request Received BOOM  0","metadata":{"emulator":{"name":"functions"},"function":{"name":"us-central1-api"},"message":"\u001b[90m> \u001b[39m Payment Request Received BOOM  0"}}
[debug] [2021-09-15T16:26:08.787Z] [runtime-status] [8156] Ephemeral server survived. {"metadata":{"emulator":{"name":"functions"},"function":{"name":"us-central1-api"},"message":"[runtime-status] [8156] Ephemeral server survived."}}
[info] >  (node:8156) UnhandledPromiseRejectionWarning: Error: This value must be greater than or equal to 1. {"user":"(node:8156) UnhandledPromiseRejectionWarning: Error: This value must be greater than or equal to 1.","metadata":{"emulator":{"name":"functions"},"function":{"name":"us-central1-api"},"message":"\u001b[90m> \u001b[39m (node:8156) UnhandledPromiseRejectionWarning: Error: This value must be greater than or equal to 1."}}
[info] >      at Function.generate (C:\Users\jshub\OneDrive\Documents\AmazonClone\amazon-clone\functions\node_modules\stripe\lib\Error.js:40:16) {"user":"    at Function.generate (C:\\Users\\jshub\\OneDrive\\Documents\\AmazonClone\\amazon-clone\\functions\\node_modules\\stripe\\lib\\Error.js:40:16)","metadata":{"emulator":{"name":"functions"},"function":{"name":"us-central1-api"},"message":"\u001b[90m> \u001b[39m     at Function.generate (C:\\Users\\jshub\\OneDrive\\Documents\\AmazonClone\\amazon-clone\\functions\\node_modules\\stripe\\lib\\Error.js:40:16)"}}
[info] >      at res.toJSON.then.StripeAPIError.message (C:\Users\jshub\OneDrive\Documents\AmazonClone\amazon-clone\functions\node_modules\stripe\lib\StripeResource.js:220:35) {"user":"    at res.toJSON.then.StripeAPIError.message (C:\\Users\\jshub\\OneDrive\\Documents\\AmazonClone\\amazon-clone\\functions\\node_modules\\stripe\\lib\\StripeResource.js:220:35)","metadata":{"emulator":{"name":"functions"},"function":{"name":"us-central1-api"},"message":"\u001b[90m> \u001b[39m     at res.toJSON.then.StripeAPIError.message (C:\\Users\\jshub\\OneDrive\\Documents\\AmazonClone\\amazon-clone\\functions\\node_modules\\stripe\\lib\\StripeResource.js:220:35)"}}
[info] >      at processTicksAndRejections (internal/process/task_queues.js:95:5) {"user":"    at processTicksAndRejections (internal/process/task_queues.js:95:5)","metadata":{"emulator":{"name":"functions"},"function":{"name":"us-central1-api"},"message":"\u001b[90m> \u001b[39m     at processTicksAndRejections (internal/process/task_queues.js:95:5)"}}
[info] >  (Use `node --trace-warnings ...` to show where the warning was created) {"user":"(Use `node --trace-warnings ...` to show where the warning was created)","metadata":{"emulator":{"name":"functions"},"function":{"name":"us-central1-api"},"message":"\u001b[90m> \u001b[39m (Use `node --trace-warnings ...` to show where the warning was created)"}}
[info] >  (node:8156) UnhandledPromiseRejectionWarning: Unhandled promise rejection. This error originated either by throwing inside of an async function without a catch block, or by rejecting a promise which was not handled with .catch(). To terminate the node process on unhandled promise rejection, use the CLI flag `--unhandled-rejections=strict` (see https://nodejs.org/api/cli.html#cli_unhandled_rejections_mode). (rejection id: 1) {"user":"(node:8156) UnhandledPromiseRejectionWarning: Unhandled promise rejection. This error originated either by throwing inside of an async function without a catch block, or by rejecting a promise which was not handled with .catch(). To terminate the node process on unhandled promise rejection, use the CLI flag `--unhandled-rejections=strict` (see https://nodejs.org/api/cli.html#cli_unhandled_rejections_mode). (rejection id: 1)","metadata":{"emulator":{"name":"functions"},"function":{"name":"us-central1-api"},"message":"\u001b[90m> \u001b[39m (node:8156) UnhandledPromiseRejectionWarning: Unhandled promise rejection. This error originated either by throwing inside of an async function without a catch block, or by rejecting a promise which was not handled with .catch(). To terminate the node process on unhandled promise rejection, use the CLI flag `--unhandled-rejections=strict` (see https://nodejs.org/api/cli.html#cli_unhandled_rejections_mode). (rejection id: 1)"}}
[info] >  (node:8156) [DEP0018] DeprecationWarning: Unhandled promise rejections are deprecated. In the future, promise rejections that are not handled will terminate the Node.js process with a non-zero exit code. {"user":"(node:8156) [DEP0018] DeprecationWarning: Unhandled promise rejections are deprecated. In the future, promise rejections that are not handled will terminate the Node.js process with a non-zero exit code.","metadata":{"emulator":{"name":"functions"},"function":{"name":"us-central1-api"},"message":"\u001b[90m> \u001b[39m (node:8156) [DEP0018] DeprecationWarning: Unhandled promise rejections are deprecated. In the future, promise rejections that are not handled will terminate the Node.js process with a non-zero exit code."}}
[warn] !  functions: Your function timed out after ~60s. To configure this timeout, see
      https://firebase.google.com/docs/functions/manage-functions#set_timeout_and_memory_allocation. {"metadata":{"emulator":{"name":"functions"},"function":{"name":"us-central1-api"},"message":"Your function timed out after ~60s. To configure this timeout, see\n      https://firebase.google.com/docs/functions/manage-functions#set_timeout_and_memory_allocation."}}
[info] >  C:\Users\jshub\AppData\Roaming\npm\node_modules\firebase-tools\lib\emulator\functionsEmulatorRuntime.js:679 {"user":"C:\\Users\\jshub\\AppData\\Roaming\\npm\\node_modules\\firebase-tools\\lib\\emulator\\functionsEmulatorRuntime.js:679\r","metadata":{"emulator":{"name":"functions"},"function":{"name":"us-central1-api"},"message":"\u001b[90m> \u001b[39m C:\\Users\\jshub\\AppData\\Roaming\\npm\\node_modules\\firebase-tools\\lib\\emulator\\functionsEmulatorRuntime.js:679\r"}}
[info] >              throw new Error("Function timed out."); {"user":"            throw new Error(\"Function timed out.\");\r","metadata":{"emulator":{"name":"functions"},"function":{"name":"us-central1-api"},"message":"\u001b[90m> \u001b[39m             throw new Error(\"Function timed out.\");\r"}}
[info] >              ^ {"user":"            ^\r","metadata":{"emulator":{"name":"functions"},"function":{"name":"us-central1-api"},"message":"\u001b[90m> \u001b[39m             ^\r"}}
[info] >   {"user":"\r","metadata":{"emulator":{"name":"functions"},"function":{"name":"us-central1-api"},"message":"\u001b[90m> \u001b[39m \r"}}
[info] >  Error: Function timed out. {"user":"Error: Function timed out.\r","metadata":{"emulator":{"name":"functions"},"function":{"name":"us-central1-api"},"message":"\u001b[90m> \u001b[39m Error: Function timed out.\r"}}
[info] >      at Timeout._onTimeout (C:\Users\jshub\AppData\Roaming\npm\node_modules\firebase-tools\lib\emulator\functionsEmulatorRuntime.js:679:19) {"user":"    at Timeout._onTimeout (C:\\Users\\jshub\\AppData\\Roaming\\npm\\node_modules\\firebase-tools\\lib\\emulator\\functionsEmulatorRuntime.js:679:19)\r","metadata":{"emulator":{"name":"functions"},"function":{"name":"us-central1-api"},"message":"\u001b[90m> \u001b[39m     at Timeout._onTimeout (C:\\Users\\jshub\\AppData\\Roaming\\npm\\node_modules\\firebase-tools\\lib\\emulator\\functionsEmulatorRuntime.js:679:19)\r"}}
[info] >      at listOnTimeout (internal/timers.js:557:17) {"user":"    at listOnTimeout (internal/timers.js:557:17)\r","metadata":{"emulator":{"name":"functions"},"function":{"name":"us-central1-api"},"message":"\u001b[90m> \u001b[39m     at listOnTimeout (internal/timers.js:557:17)\r"}}
[info] >      at processTimers (internal/timers.js:500:7) {"user":"    at processTimers (internal/timers.js:500:7)\r","metadata":{"emulator":{"name":"functions"},"function":{"name":"us-central1-api"},"message":"\u001b[90m> \u001b[39m     at processTimers (internal/timers.js:500:7)\r"}}
[debug] [2021-09-15T16:27:08.798Z] [worker-us-central1-api-5e038331-e05d-4839-961d-cdd81e4a0117]: exited {"metadata":{"emulator":{"name":"functions"},"message":"[worker-us-central1-api-5e038331-e05d-4839-961d-cdd81e4a0117]: exited"}}
[debug] [2021-09-15T16:27:08.799Z] [worker-us-central1-api-5e038331-e05d-4839-961d-cdd81e4a0117]: FINISHED {"metadata":{"emulator":{"name":"functions"},"message":"[worker-us-central1-api-5e038331-e05d-4839-961d-cdd81e4a0117]: FINISHED"}}
[debug] [2021-09-15T16:27:08.802Z] [work-queue] {"queueLength":0,"workRunningCount":0}
